
*** Running vivado
    with args -log system_rgb2dvi_0_0.vds -m64 -product Vivado -mode batch -messageDb vivado.pb -notrace -source system_rgb2dvi_0_0.tcl



****** Vivado v2020.2 (64-bit)
  **** SW Build 3064766 on Wed Nov 18 09:12:45 MST 2020
  **** IP Build 3064653 on Wed Nov 18 14:17:31 MST 2020
    ** Copyright 1986-2020 Xilinx, Inc. All Rights Reserved.

source system_rgb2dvi_0_0.tcl -notrace
INFO: [IP_Flow 19-234] Refreshing IP repositories
INFO: [IP_Flow 19-1700] Loaded user IP repository 'd:/FPGA/OV5640/Zybo-Z7-20-pcam-5c-2019.1/vivado_proj/Zybo-Z7-20-pcam-5c.ipdefs/repo_0'.
INFO: [IP_Flow 19-2313] Loaded Vivado IP repository 'D:/Vivado/Vivado/2020.2/data/ip'.
Command: synth_design -top system_rgb2dvi_0_0 -part xc7z020clg400-1 -mode out_of_context
Starting synth_design
Attempting to get a license for feature 'Synthesis' and/or device 'xc7z020'
INFO: [Common 17-349] Got license for feature 'Synthesis' and/or device 'xc7z020'
INFO: [Device 21-403] Loading part xc7z020clg400-1
INFO: [Synth 8-7079] Multithreading enabled for synth_design using a maximum of 2 processes.
INFO: [Synth 8-7078] Launching helper process for spawning children vivado processes
INFO: [Synth 8-7075] Helper process launched with PID 62348
---------------------------------------------------------------------------------
Starting RTL Elaboration : Time (s): cpu = 00:00:04 ; elapsed = 00:00:04 . Memory (MB): peak = 1159.070 ; gain = 19.219
---------------------------------------------------------------------------------
INFO: [Synth 8-638] synthesizing module 'system_rgb2dvi_0_0' [d:/FPGA/OV5640/Zybo-Z7-20-pcam-5c-2019.1/vivado_proj/Zybo-Z7-20-pcam-5c.srcs/sources_1/bd/system/ip/system_rgb2dvi_0_0/synth/system_rgb2dvi_0_0.vhd:72]
	Parameter kGenerateSerialClk bound to: 0 - type: bool 
	Parameter kClkPrimitive bound to: PLL - type: string 
	Parameter kRstActiveHigh bound to: 0 - type: bool 
	Parameter kClkRange bound to: 1 - type: integer 
	Parameter kD0Swap bound to: 0 - type: bool 
	Parameter kD1Swap bound to: 0 - type: bool 
	Parameter kD2Swap bound to: 0 - type: bool 
	Parameter kClkSwap bound to: 0 - type: bool 
INFO: [Synth 8-3491] module 'rgb2dvi' declared at 'd:/FPGA/OV5640/Zybo-Z7-20-pcam-5c-2019.1/vivado_proj/Zybo-Z7-20-pcam-5c.srcs/sources_1/bd/system/ipshared/d57c/src/rgb2dvi.vhd:62' bound to instance 'U0' of component 'rgb2dvi' [d:/FPGA/OV5640/Zybo-Z7-20-pcam-5c-2019.1/vivado_proj/Zybo-Z7-20-pcam-5c.srcs/sources_1/bd/system/ip/system_rgb2dvi_0_0/synth/system_rgb2dvi_0_0.vhd:124]
INFO: [Synth 8-638] synthesizing module 'rgb2dvi' [d:/FPGA/OV5640/Zybo-Z7-20-pcam-5c-2019.1/vivado_proj/Zybo-Z7-20-pcam-5c.srcs/sources_1/bd/system/ipshared/d57c/src/rgb2dvi.vhd:94]
	Parameter kGenerateSerialClk bound to: 0 - type: bool 
	Parameter kClkPrimitive bound to: PLL - type: string 
	Parameter kClkRange bound to: 1 - type: integer 
	Parameter kRstActiveHigh bound to: 0 - type: bool 
	Parameter kD0Swap bound to: 0 - type: bool 
	Parameter kD1Swap bound to: 0 - type: bool 
	Parameter kD2Swap bound to: 0 - type: bool 
	Parameter kClkSwap bound to: 0 - type: bool 
INFO: [Synth 8-638] synthesizing module 'ResetBridge' [d:/FPGA/OV5640/Zybo-Z7-20-pcam-5c-2019.1/vivado_proj/Zybo-Z7-20-pcam-5c.srcs/sources_1/bd/system/ipshared/d57c/src/SyncAsyncReset.vhd:72]
	Parameter kPolarity bound to: 1'b1 
INFO: [Synth 8-638] synthesizing module 'SyncAsync' [d:/FPGA/OV5640/Zybo-Z7-20-pcam-5c-2019.1/vivado_proj/Zybo-Z7-20-pcam-5c.srcs/sources_1/bd/system/ipshared/d57c/src/SyncAsync.vhd:72]
	Parameter kResetTo bound to: 1'b1 
	Parameter kStages bound to: 2 - type: integer 
INFO: [Synth 8-256] done synthesizing module 'SyncAsync' (1#1) [d:/FPGA/OV5640/Zybo-Z7-20-pcam-5c-2019.1/vivado_proj/Zybo-Z7-20-pcam-5c.srcs/sources_1/bd/system/ipshared/d57c/src/SyncAsync.vhd:72]
INFO: [Synth 8-256] done synthesizing module 'ResetBridge' (2#1) [d:/FPGA/OV5640/Zybo-Z7-20-pcam-5c-2019.1/vivado_proj/Zybo-Z7-20-pcam-5c.srcs/sources_1/bd/system/ipshared/d57c/src/SyncAsyncReset.vhd:72]
INFO: [Synth 8-638] synthesizing module 'OutputSERDES' [d:/FPGA/OV5640/Zybo-Z7-20-pcam-5c-2019.1/vivado_proj/Zybo-Z7-20-pcam-5c.srcs/sources_1/bd/system/ipshared/d57c/src/OutputSERDES.vhd:76]
	Parameter kParallelWidth bound to: 10 - type: integer 
	Parameter CAPACITANCE bound to: DONT_CARE - type: string 
	Parameter IOSTANDARD bound to: TMDS_33 - type: string 
	Parameter SLEW bound to: SLOW - type: string 
INFO: [Synth 8-113] binding component instance 'OutputBuffer' to cell 'OBUFDS' [d:/FPGA/OV5640/Zybo-Z7-20-pcam-5c-2019.1/vivado_proj/Zybo-Z7-20-pcam-5c.srcs/sources_1/bd/system/ipshared/d57c/src/OutputSERDES.vhd:83]
	Parameter DATA_RATE_OQ bound to: DDR - type: string 
	Parameter DATA_RATE_TQ bound to: SDR - type: string 
	Parameter DATA_WIDTH bound to: 10 - type: integer 
	Parameter INIT_OQ bound to: 1'b0 
	Parameter INIT_TQ bound to: 1'b0 
	Parameter IS_CLKDIV_INVERTED bound to: 1'b0 
	Parameter IS_CLK_INVERTED bound to: 1'b0 
	Parameter IS_D1_INVERTED bound to: 1'b0 
	Parameter IS_D2_INVERTED bound to: 1'b0 
	Parameter IS_D3_INVERTED bound to: 1'b0 
	Parameter IS_D4_INVERTED bound to: 1'b0 
	Parameter IS_D5_INVERTED bound to: 1'b0 
	Parameter IS_D6_INVERTED bound to: 1'b0 
	Parameter IS_D7_INVERTED bound to: 1'b0 
	Parameter IS_D8_INVERTED bound to: 1'b0 
	Parameter IS_T1_INVERTED bound to: 1'b0 
	Parameter IS_T2_INVERTED bound to: 1'b0 
	Parameter IS_T3_INVERTED bound to: 1'b0 
	Parameter IS_T4_INVERTED bound to: 1'b0 
	Parameter SERDES_MODE bound to: MASTER - type: string 
	Parameter SRVAL_OQ bound to: 1'b0 
	Parameter SRVAL_TQ bound to: 1'b0 
	Parameter TBYTE_CTL bound to: FALSE - type: string 
	Parameter TBYTE_SRC bound to: FALSE - type: string 
	Parameter TRISTATE_WIDTH bound to: 1 - type: integer 
INFO: [Synth 8-113] binding component instance 'SerializerMaster' to cell 'OSERDESE2' [d:/FPGA/OV5640/Zybo-Z7-20-pcam-5c-2019.1/vivado_proj/Zybo-Z7-20-pcam-5c.srcs/sources_1/bd/system/ipshared/d57c/src/OutputSERDES.vhd:92]
	Parameter DATA_RATE_OQ bound to: DDR - type: string 
	Parameter DATA_RATE_TQ bound to: SDR - type: string 
	Parameter DATA_WIDTH bound to: 10 - type: integer 
	Parameter INIT_OQ bound to: 1'b0 
	Parameter INIT_TQ bound to: 1'b0 
	Parameter IS_CLKDIV_INVERTED bound to: 1'b0 
	Parameter IS_CLK_INVERTED bound to: 1'b0 
	Parameter IS_D1_INVERTED bound to: 1'b0 
	Parameter IS_D2_INVERTED bound to: 1'b0 
	Parameter IS_D3_INVERTED bound to: 1'b0 
	Parameter IS_D4_INVERTED bound to: 1'b0 
	Parameter IS_D5_INVERTED bound to: 1'b0 
	Parameter IS_D6_INVERTED bound to: 1'b0 
	Parameter IS_D7_INVERTED bound to: 1'b0 
	Parameter IS_D8_INVERTED bound to: 1'b0 
	Parameter IS_T1_INVERTED bound to: 1'b0 
	Parameter IS_T2_INVERTED bound to: 1'b0 
	Parameter IS_T3_INVERTED bound to: 1'b0 
	Parameter IS_T4_INVERTED bound to: 1'b0 
	Parameter SERDES_MODE bound to: SLAVE - type: string 
	Parameter SRVAL_OQ bound to: 1'b0 
	Parameter SRVAL_TQ bound to: 1'b0 
	Parameter TBYTE_CTL bound to: FALSE - type: string 
	Parameter TBYTE_SRC bound to: FALSE - type: string 
	Parameter TRISTATE_WIDTH bound to: 1 - type: integer 
INFO: [Synth 8-113] binding component instance 'SerializerSlave' to cell 'OSERDESE2' [d:/FPGA/OV5640/Zybo-Z7-20-pcam-5c-2019.1/vivado_proj/Zybo-Z7-20-pcam-5c.srcs/sources_1/bd/system/ipshared/d57c/src/OutputSERDES.vhd:135]
INFO: [Synth 8-256] done synthesizing module 'OutputSERDES' (3#1) [d:/FPGA/OV5640/Zybo-Z7-20-pcam-5c-2019.1/vivado_proj/Zybo-Z7-20-pcam-5c.srcs/sources_1/bd/system/ipshared/d57c/src/OutputSERDES.vhd:76]
INFO: [Synth 8-638] synthesizing module 'TMDS_Encoder' [d:/FPGA/OV5640/Zybo-Z7-20-pcam-5c-2019.1/vivado_proj/Zybo-Z7-20-pcam-5c.srcs/sources_1/bd/system/ipshared/d57c/src/TMDS_Encoder.vhd:80]
INFO: [Synth 8-256] done synthesizing module 'TMDS_Encoder' (4#1) [d:/FPGA/OV5640/Zybo-Z7-20-pcam-5c-2019.1/vivado_proj/Zybo-Z7-20-pcam-5c.srcs/sources_1/bd/system/ipshared/d57c/src/TMDS_Encoder.vhd:80]
INFO: [Synth 8-256] done synthesizing module 'rgb2dvi' (5#1) [d:/FPGA/OV5640/Zybo-Z7-20-pcam-5c-2019.1/vivado_proj/Zybo-Z7-20-pcam-5c.srcs/sources_1/bd/system/ipshared/d57c/src/rgb2dvi.vhd:94]
INFO: [Synth 8-256] done synthesizing module 'system_rgb2dvi_0_0' (6#1) [d:/FPGA/OV5640/Zybo-Z7-20-pcam-5c-2019.1/vivado_proj/Zybo-Z7-20-pcam-5c.srcs/sources_1/bd/system/ip/system_rgb2dvi_0_0/synth/system_rgb2dvi_0_0.vhd:72]
---------------------------------------------------------------------------------
Finished RTL Elaboration : Time (s): cpu = 00:00:05 ; elapsed = 00:00:05 . Memory (MB): peak = 1217.273 ; gain = 77.422
---------------------------------------------------------------------------------
---------------------------------------------------------------------------------
Start Handling Custom Attributes
---------------------------------------------------------------------------------
---------------------------------------------------------------------------------
Finished Handling Custom Attributes : Time (s): cpu = 00:00:05 ; elapsed = 00:00:05 . Memory (MB): peak = 1217.273 ; gain = 77.422
---------------------------------------------------------------------------------
---------------------------------------------------------------------------------
Finished RTL Optimization Phase 1 : Time (s): cpu = 00:00:05 ; elapsed = 00:00:05 . Memory (MB): peak = 1217.273 ; gain = 77.422
---------------------------------------------------------------------------------
Netlist sorting complete. Time (s): cpu = 00:00:00 ; elapsed = 00:00:00.006 . Memory (MB): peak = 1217.273 ; gain = 0.000
INFO: [Netlist 29-17] Analyzing 4 Unisim elements for replacement
INFO: [Netlist 29-28] Unisim Transformation completed in 0 CPU seconds
INFO: [Project 1-570] Preparing netlist for logic optimization

Processing XDC Constraints
Initializing timing engine
Parsing XDC File [d:/FPGA/OV5640/Zybo-Z7-20-pcam-5c-2019.1/vivado_proj/Zybo-Z7-20-pcam-5c.srcs/sources_1/bd/system/ip/system_rgb2dvi_0_0/src/rgb2dvi_ooc.xdc] for cell 'U0'
Finished Parsing XDC File [d:/FPGA/OV5640/Zybo-Z7-20-pcam-5c-2019.1/vivado_proj/Zybo-Z7-20-pcam-5c.srcs/sources_1/bd/system/ip/system_rgb2dvi_0_0/src/rgb2dvi_ooc.xdc] for cell 'U0'
Parsing XDC File [d:/FPGA/OV5640/Zybo-Z7-20-pcam-5c-2019.1/vivado_proj/Zybo-Z7-20-pcam-5c.srcs/sources_1/bd/system/ip/system_rgb2dvi_0_0/src/rgb2dvi.xdc] for cell 'U0'
Finished Parsing XDC File [d:/FPGA/OV5640/Zybo-Z7-20-pcam-5c-2019.1/vivado_proj/Zybo-Z7-20-pcam-5c.srcs/sources_1/bd/system/ip/system_rgb2dvi_0_0/src/rgb2dvi.xdc] for cell 'U0'
Parsing XDC File [D:/FPGA/OV5640/Zybo-Z7-20-pcam-5c-2019.1/vivado_proj/Zybo-Z7-20-pcam-5c.runs/system_rgb2dvi_0_0_synth_1/dont_touch.xdc]
Finished Parsing XDC File [D:/FPGA/OV5640/Zybo-Z7-20-pcam-5c-2019.1/vivado_proj/Zybo-Z7-20-pcam-5c.runs/system_rgb2dvi_0_0_synth_1/dont_touch.xdc]
Parsing XDC File [d:/FPGA/OV5640/Zybo-Z7-20-pcam-5c-2019.1/vivado_proj/Zybo-Z7-20-pcam-5c.srcs/sources_1/bd/system/ip/system_rgb2dvi_0_0/src/rgb2dvi_clocks.xdc] for cell 'U0'
Finished Parsing XDC File [d:/FPGA/OV5640/Zybo-Z7-20-pcam-5c-2019.1/vivado_proj/Zybo-Z7-20-pcam-5c.srcs/sources_1/bd/system/ip/system_rgb2dvi_0_0/src/rgb2dvi_clocks.xdc] for cell 'U0'
Completed Processing XDC Constraints

Netlist sorting complete. Time (s): cpu = 00:00:00 ; elapsed = 00:00:00 . Memory (MB): peak = 1321.836 ; gain = 0.000
INFO: [Project 1-111] Unisim Transformation Summary:
No Unisim elements were transformed.

Constraint Validation Runtime : Time (s): cpu = 00:00:00 ; elapsed = 00:00:00.019 . Memory (MB): peak = 1334.117 ; gain = 12.281
---------------------------------------------------------------------------------
Finished Constraint Validation : Time (s): cpu = 00:00:10 ; elapsed = 00:00:10 . Memory (MB): peak = 1334.117 ; gain = 194.266
---------------------------------------------------------------------------------
---------------------------------------------------------------------------------
Start Loading Part and Timing Information
---------------------------------------------------------------------------------
Loading part: xc7z020clg400-1
---------------------------------------------------------------------------------
Finished Loading Part and Timing Information : Time (s): cpu = 00:00:10 ; elapsed = 00:00:10 . Memory (MB): peak = 1334.117 ; gain = 194.266
---------------------------------------------------------------------------------
---------------------------------------------------------------------------------
Start Applying 'set_property' XDC Constraints
---------------------------------------------------------------------------------
Applied set_property KEEP_HIERARCHY = SOFT for U0. (constraint file  D:/FPGA/OV5640/Zybo-Z7-20-pcam-5c-2019.1/vivado_proj/Zybo-Z7-20-pcam-5c.runs/system_rgb2dvi_0_0_synth_1/dont_touch.xdc, line 9).
---------------------------------------------------------------------------------
Finished applying 'set_property' XDC Constraints : Time (s): cpu = 00:00:10 ; elapsed = 00:00:10 . Memory (MB): peak = 1334.117 ; gain = 194.266
---------------------------------------------------------------------------------
---------------------------------------------------------------------------------
Finished RTL Optimization Phase 2 : Time (s): cpu = 00:00:10 ; elapsed = 00:00:11 . Memory (MB): peak = 1334.117 ; gain = 194.266
---------------------------------------------------------------------------------
---------------------------------------------------------------------------------
Start RTL Component Statistics 
---------------------------------------------------------------------------------
Detailed RTL Component Info : 
+---Adders : 
	   3 Input    5 Bit       Adders := 9     
	   4 Input    5 Bit       Adders := 3     
	   2 Input    5 Bit       Adders := 3     
	   8 Input    4 Bit       Adders := 6     
	   2 Input    4 Bit       Adders := 3     
+---XORs : 
	   2 Input      1 Bit         XORs := 42    
+---Registers : 
	               10 Bit    Registers := 3     
	                9 Bit    Registers := 3     
	                8 Bit    Registers := 3     
	                5 Bit    Registers := 3     
	                4 Bit    Registers := 9     
	                2 Bit    Registers := 1     
	                1 Bit    Registers := 18    
+---Muxes : 
	   4 Input   10 Bit        Muxes := 3     
	   2 Input    9 Bit        Muxes := 3     
	   2 Input    5 Bit        Muxes := 9     
---------------------------------------------------------------------------------
Finished RTL Component Statistics 
---------------------------------------------------------------------------------
---------------------------------------------------------------------------------
Start Part Resource Summary
---------------------------------------------------------------------------------
Part Resources:
DSPs: 220 (col length:60)
BRAMs: 280 (col length: RAMB18 60 RAMB36 30)
---------------------------------------------------------------------------------
Finished Part Resource Summary
---------------------------------------------------------------------------------
---------------------------------------------------------------------------------
Start Cross Boundary and Area Optimization
---------------------------------------------------------------------------------
---------------------------------------------------------------------------------
Finished Cross Boundary and Area Optimization : Time (s): cpu = 00:00:13 ; elapsed = 00:00:14 . Memory (MB): peak = 1334.117 ; gain = 194.266
---------------------------------------------------------------------------------
---------------------------------------------------------------------------------
Start Applying XDC Timing Constraints
---------------------------------------------------------------------------------
---------------------------------------------------------------------------------
Finished Applying XDC Timing Constraints : Time (s): cpu = 00:00:19 ; elapsed = 00:00:19 . Memory (MB): peak = 1334.117 ; gain = 194.266
---------------------------------------------------------------------------------
---------------------------------------------------------------------------------
Start Timing Optimization
---------------------------------------------------------------------------------
---------------------------------------------------------------------------------
Finished Timing Optimization : Time (s): cpu = 00:00:19 ; elapsed = 00:00:20 . Memory (MB): peak = 1334.797 ; gain = 194.945
---------------------------------------------------------------------------------
---------------------------------------------------------------------------------
Start Technology Mapping
---------------------------------------------------------------------------------
---------------------------------------------------------------------------------
Finished Technology Mapping : Time (s): cpu = 00:00:20 ; elapsed = 00:00:20 . Memory (MB): peak = 1335.625 ; gain = 195.773
---------------------------------------------------------------------------------
---------------------------------------------------------------------------------
Start IO Insertion
---------------------------------------------------------------------------------
---------------------------------------------------------------------------------
Start Flattening Before IO Insertion
---------------------------------------------------------------------------------
---------------------------------------------------------------------------------
Finished Flattening Before IO Insertion
---------------------------------------------------------------------------------
---------------------------------------------------------------------------------
Start Final Netlist Cleanup
---------------------------------------------------------------------------------
---------------------------------------------------------------------------------
Finished Final Netlist Cleanup
---------------------------------------------------------------------------------
---------------------------------------------------------------------------------
Finished IO Insertion : Time (s): cpu = 00:00:22 ; elapsed = 00:00:22 . Memory (MB): peak = 1343.246 ; gain = 203.395
---------------------------------------------------------------------------------
---------------------------------------------------------------------------------
Start Renaming Generated Instances
---------------------------------------------------------------------------------
---------------------------------------------------------------------------------
Finished Renaming Generated Instances : Time (s): cpu = 00:00:22 ; elapsed = 00:00:22 . Memory (MB): peak = 1343.246 ; gain = 203.395
---------------------------------------------------------------------------------
---------------------------------------------------------------------------------
Start Rebuilding User Hierarchy
---------------------------------------------------------------------------------
---------------------------------------------------------------------------------
Finished Rebuilding User Hierarchy : Time (s): cpu = 00:00:22 ; elapsed = 00:00:22 . Memory (MB): peak = 1343.246 ; gain = 203.395
---------------------------------------------------------------------------------
---------------------------------------------------------------------------------
Start Renaming Generated Ports
---------------------------------------------------------------------------------
---------------------------------------------------------------------------------
Finished Renaming Generated Ports : Time (s): cpu = 00:00:22 ; elapsed = 00:00:22 . Memory (MB): peak = 1343.246 ; gain = 203.395
---------------------------------------------------------------------------------
---------------------------------------------------------------------------------
Start Handling Custom Attributes
---------------------------------------------------------------------------------
---------------------------------------------------------------------------------
Finished Handling Custom Attributes : Time (s): cpu = 00:00:22 ; elapsed = 00:00:22 . Memory (MB): peak = 1343.246 ; gain = 203.395
---------------------------------------------------------------------------------
---------------------------------------------------------------------------------
Start Renaming Generated Nets
---------------------------------------------------------------------------------
---------------------------------------------------------------------------------
Finished Renaming Generated Nets : Time (s): cpu = 00:00:22 ; elapsed = 00:00:22 . Memory (MB): peak = 1343.246 ; gain = 203.395
---------------------------------------------------------------------------------
---------------------------------------------------------------------------------
Start Writing Synthesis Report
---------------------------------------------------------------------------------

Report BlackBoxes: 
+-+--------------+----------+
| |BlackBox name |Instances |
+-+--------------+----------+
+-+--------------+----------+

Report Cell Usage: 
+------+----------+------+
|      |Cell      |Count |
+------+----------+------+
|1     |LUT1      |     5|
|2     |LUT2      |    22|
|3     |LUT3      |    34|
|4     |LUT4      |    23|
|5     |LUT5      |    43|
|6     |LUT6      |    72|
|7     |OSERDESE2 |     8|
|9     |FDPE      |     2|
|10    |FDRE      |   117|
|11    |FDSE      |    15|
|12    |OBUFDS    |     4|
+------+----------+------+
---------------------------------------------------------------------------------
Finished Writing Synthesis Report : Time (s): cpu = 00:00:22 ; elapsed = 00:00:22 . Memory (MB): peak = 1343.246 ; gain = 203.395
---------------------------------------------------------------------------------
Synthesis finished with 0 errors, 0 critical warnings and 0 warnings.
Synthesis Optimization Runtime : Time (s): cpu = 00:00:15 ; elapsed = 00:00:21 . Memory (MB): peak = 1343.246 ; gain = 86.551
Synthesis Optimization Complete : Time (s): cpu = 00:00:22 ; elapsed = 00:00:23 . Memory (MB): peak = 1343.246 ; gain = 203.395
INFO: [Project 1-571] Translating synthesized netlist
Netlist sorting complete. Time (s): cpu = 00:00:00 ; elapsed = 00:00:00.003 . Memory (MB): peak = 1343.246 ; gain = 0.000
INFO: [Netlist 29-17] Analyzing 4 Unisim elements for replacement
INFO: [Netlist 29-28] Unisim Transformation completed in 0 CPU seconds
INFO: [Project 1-570] Preparing netlist for logic optimization
INFO: [Opt 31-138] Pushed 0 inverter(s) to 0 load pin(s).
Netlist sorting complete. Time (s): cpu = 00:00:00 ; elapsed = 00:00:00 . Memory (MB): peak = 1354.367 ; gain = 0.000
INFO: [Project 1-111] Unisim Transformation Summary:
No Unisim elements were transformed.

INFO: [Common 17-83] Releasing license: Synthesis
35 Infos, 0 Warnings, 0 Critical Warnings and 0 Errors encountered.
synth_design completed successfully
synth_design: Time (s): cpu = 00:00:27 ; elapsed = 00:00:28 . Memory (MB): peak = 1354.367 ; gain = 214.516
INFO: [Common 17-1381] The checkpoint 'D:/FPGA/OV5640/Zybo-Z7-20-pcam-5c-2019.1/vivado_proj/Zybo-Z7-20-pcam-5c.runs/system_rgb2dvi_0_0_synth_1/system_rgb2dvi_0_0.dcp' has been generated.
WARNING: [Common 17-576] 'use_project_ipc' is deprecated. This option is deprecated and no longer used.
INFO: [Coretcl 2-1648] Added synthesis output to IP cache for IP system_rgb2dvi_0_0, cache-ID = a2dddecf782d774a
INFO: [Coretcl 2-1174] Renamed 10 cell refs.
INFO: [Common 17-1381] The checkpoint 'D:/FPGA/OV5640/Zybo-Z7-20-pcam-5c-2019.1/vivado_proj/Zybo-Z7-20-pcam-5c.runs/system_rgb2dvi_0_0_synth_1/system_rgb2dvi_0_0.dcp' has been generated.
INFO: [runtcl-4] Executing : report_utilization -file system_rgb2dvi_0_0_utilization_synth.rpt -pb system_rgb2dvi_0_0_utilization_synth.pb
INFO: [Common 17-206] Exiting Vivado at Tue Oct 31 13:49:20 2023...
